[INFO] Scanning for projects...
[INFO] 
[INFO] -------------------< com.Logistics:LogisticsBackend >-------------------
[INFO] Building LogisticsBackend 0.0.1-SNAPSHOT
[INFO]   from pom.xml
[INFO] --------------------------------[ jar ]---------------------------------
[INFO] 
[INFO] --- resources:3.3.1:resources (default-resources) @ LogisticsBackend ---
[INFO] Copying 1 resource from src\main\resources to target\classes
[INFO] Copying 0 resource from src\main\resources to target\classes
[INFO] 
[INFO] --- compiler:3.14.0:compile (default-compile) @ LogisticsBackend ---
[INFO] Recompiling the module because of changed source code.
[INFO] Compiling 19 source files with javac [debug parameters release 21] to target\classes
[WARNING] /D:/JAVA/Logistics/LogisticsBackend/LogisticsBackend/src/main/java/com/Logistics/LogisticsBackend/config/WebSecurityConfig.java:[37,50] DaoAuthenticationProvider() in org.springframework.security.authentication.dao.DaoAuthenticationProvider has been deprecated
[WARNING] /D:/JAVA/Logistics/LogisticsBackend/LogisticsBackend/src/main/java/com/Logistics/LogisticsBackend/config/WebSecurityConfig.java:[38,21] setUserDetailsService(org.springframework.security.core.userdetails.UserDetailsService) in org.springframework.security.authentication.dao.DaoAuthenticationProvider has been deprecated
[INFO] 
[INFO] --- resources:3.3.1:testResources (default-testResources) @ LogisticsBackend ---
[INFO] skip non existing resourceDirectory D:\JAVA\Logistics\LogisticsBackend\LogisticsBackend\src\test\resources
[INFO] 
[INFO] --- compiler:3.14.0:testCompile (default-testCompile) @ LogisticsBackend ---
[INFO] Recompiling the module because of changed dependency.
[INFO] Compiling 1 source file with javac [debug parameters release 21] to target\test-classes
[INFO] 
[INFO] --- surefire:3.5.3:test (default-test) @ LogisticsBackend ---
[INFO] Tests are skipped.
[INFO] 
[INFO] --- jar:3.4.2:jar (default-jar) @ LogisticsBackend ---
[INFO] Building jar: D:\JAVA\Logistics\LogisticsBackend\LogisticsBackend\target\LogisticsBackend-0.0.1-SNAPSHOT.jar
[INFO] 
[INFO] --- spring-boot:3.5.0:repackage (repackage) @ LogisticsBackend ---
[INFO] Replacing main artifact D:\JAVA\Logistics\LogisticsBackend\LogisticsBackend\target\LogisticsBackend-0.0.1-SNAPSHOT.jar with repackaged archive, adding nested dependencies in BOOT-INF/.
[INFO] The original artifact has been renamed to D:\JAVA\Logistics\LogisticsBackend\LogisticsBackend\target\LogisticsBackend-0.0.1-SNAPSHOT.jar.original
[INFO] ------------------------------------------------------------------------
[INFO] BUILD SUCCESS
[INFO] ------------------------------------------------------------------------
[INFO] Total time:  20.119 s
[INFO] Finished at: 2025-10-15T19:46:55+08:00
[INFO] ------------------------------------------------------------------------
